Arguments: 
  /usr/local/Cellar/node/17.0.1/bin/node /usr/local/Cellar/yarn/1.22.17/libexec/bin/yarn.js install

PATH: 
  /Library/Frameworks/Python.framework/Versions/3.8/bin:/usr/local/bin:/usr/local/sbin:/usr/bin:/bin:/usr/sbin:/sbin:/Library/TeX/texbin:/Users/dcruvolo/.sdkman/candidates/java/current/bin:/Library/Frameworks/Python.framework/Versions/3.8/bin

Yarn version: 
  1.22.17

Node version: 
  17.0.1

Platform: 
  darwin x64

Trace: 
  SyntaxError: /Users/dcruvolo/GitHub/molgenis-app-ern-dashboard/package.json: Unexpected token } in JSON at position 1294
      at JSON.parse (<anonymous>)
      at /usr/local/Cellar/yarn/1.22.17/libexec/lib/cli.js:1625:59
      at Generator.next (<anonymous>)
      at step (/usr/local/Cellar/yarn/1.22.17/libexec/lib/cli.js:310:30)
      at /usr/local/Cellar/yarn/1.22.17/libexec/lib/cli.js:321:13

npm manifest: 
  {
    "name": "molgenis-app-ern-dashboard",
    "version": "1.0.0",
    "main": "index.js",
    "license": "MIT",
    "scripts": {
      "serve": "vue-cli-service serve",
      "build": "vue-cli-service build",
      "lint": "vue-cli-service lint"
    },
    "dependencies": {
      "bootstrap-vue": "^2.21.2",
      "core-js": "^3.6.5",
      "d3": "^7.4.4",
      "typescript": "^4.6.2",
      "vue": "^3.2.32"
    },
    "devDependencies": {
      "@typescript-eslint/eslint-plugin": "^5.19.0",
      "@typescript-eslint/parser": "^5.19.0",
      "@vue/cli-plugin-babel": "~5.0.4",
      "@vue/cli-plugin-eslint": "~5.0.4",
      "@vue/cli-plugin-typescript": "~5.0.4",
      "@vue/cli-service": "~5.0.4",
      "@vue/eslint-config-standard": "^6.1.0",
      "@vue/eslint-config-typescript": "^10.0.0",
      "babel-eslint": "^10.1.0",
      "eslint": "^8.13.0",
      "eslint-plugin-import": "^2.26.0",
      "eslint-plugin-node": "^11.1.0",
      "eslint-plugin-promise": "^6.0.0",
      "eslint-plugin-standard": "^5.0.0",
      "eslint-plugin-vue": "^8.6.0",
      "generate-json-webpack-plugin": "^2.0.0",
      "sass": "^1.50.0",
      "sass-loader": "^12.6.0",
      "vue-template-compiler": "^2.6.11",
      "yarn-audit-fix": "^9.2.2",
      "zip-webpack-plugin": "^4.0.1"
    },
    "peerDependencies": {
      "bootstrap": "4.1.3",
      "popper.js": "1.14.3"
    },
  }

yarn manifest: 
  No manifest

Lockfile: 
  # THIS IS AN AUTOGENERATED FILE. DO NOT EDIT THIS FILE DIRECTLY.
  # yarn lockfile v1
